<?xml version="1.0" encoding="UTF-8"?>
<testsuite name="linearArrayTest" tests="1" skipped="0" failures="0" errors="0" timestamp="2022-12-01T15:42:48" hostname="LAPTOP-49MSA4BS" time="0.018">
  <properties/>
  <testcase name="sequentialSearchTest()" classname="linearArrayTest" time="0.018"/>
  <system-out><![CDATA[]]></system-out>
  <system-err><![CDATA[]]></system-err>
</testsuite>
